[2018-11-21 00:27:51.780] [exthost1] [info] extension host started
[2018-11-21 00:27:51.845] [exthost1] [info] ExtensionService#_doActivateExtension vscode.debug-auto-launch {"startup":true,"activationEvent":"*"}
[2018-11-21 00:27:51.846] [exthost1] [info] ExtensionService#loadCommonJSModule c:\Users\USER\.codemix\engine\resources\app\extensions\debug-auto-launch\out\extension
[2018-11-21 00:27:51.872] [exthost1] [info] ExtensionService#_doActivateExtension vscode.emmet {"startup":true,"activationEvent":"*"}
[2018-11-21 00:27:51.872] [exthost1] [info] ExtensionService#loadCommonJSModule c:\Users\USER\.codemix\engine\resources\app\extensions\emmet\dist\extension
[2018-11-21 00:27:52.566] [exthost1] [info] ExtensionService#_doActivateExtension vscode.merge-conflict {"startup":true,"activationEvent":"*"}
[2018-11-21 00:27:52.566] [exthost1] [info] ExtensionService#loadCommonJSModule c:\Users\USER\.codemix\engine\resources\app\extensions\merge-conflict\out\extension
[2018-11-21 00:27:52.646] [exthost1] [info] ExtensionService#_doActivateExtension vscode.search-rg {"startup":true,"activationEvent":"*"}
[2018-11-21 00:27:52.646] [exthost1] [info] ExtensionService#loadCommonJSModule c:\Users\USER\.codemix\engine\resources\app\extensions\search-rg\out\extension
[2018-11-21 00:27:52.668] [exthost1] [info] eager extensions activated
[2018-11-21 00:27:53.142] [exthost1] [info] extension host started
[2018-11-21 00:27:53.174] [exthost1] [info] ExtensionService#_doActivateExtension vscode.debug-auto-launch {"startup":true,"activationEvent":"*"}
[2018-11-21 00:27:53.174] [exthost1] [info] ExtensionService#loadCommonJSModule c:\Users\USER\.codemix\engine\resources\app\extensions\debug-auto-launch\out\extension
[2018-11-21 00:27:53.190] [exthost1] [info] ExtensionService#_doActivateExtension vscode.emmet {"startup":true,"activationEvent":"*"}
[2018-11-21 00:27:53.190] [exthost1] [info] ExtensionService#loadCommonJSModule c:\Users\USER\.codemix\engine\resources\app\extensions\emmet\dist\extension
[2018-11-21 00:27:53.271] [exthost1] [info] ExtensionService#_doActivateExtension vscode.merge-conflict {"startup":true,"activationEvent":"*"}
[2018-11-21 00:27:53.271] [exthost1] [info] ExtensionService#loadCommonJSModule c:\Users\USER\.codemix\engine\resources\app\extensions\merge-conflict\out\extension
[2018-11-21 00:27:53.335] [exthost1] [info] ExtensionService#_doActivateExtension vscode.search-rg {"startup":true,"activationEvent":"*"}
[2018-11-21 00:27:53.335] [exthost1] [info] ExtensionService#loadCommonJSModule c:\Users\USER\.codemix\engine\resources\app\extensions\search-rg\out\extension
[2018-11-21 00:27:53.354] [exthost1] [info] eager extensions activated
[2018-11-21 00:27:53.354] [exthost1] [info] ExtensionService#_doActivateExtension vscode.configuration-editing {"startup":false,"activationEvent":"onLanguage:jsonc"}
[2018-11-21 00:27:53.354] [exthost1] [info] ExtensionService#loadCommonJSModule c:\Users\USER\.codemix\engine\resources\app\extensions\configuration-editing\out\extension
[2018-11-21 00:27:53.378] [exthost1] [info] ExtensionService#_doActivateExtension vscode.json-language-features {"startup":false,"activationEvent":"onLanguage:jsonc"}
[2018-11-21 00:27:53.378] [exthost1] [info] ExtensionService#loadCommonJSModule c:\Users\USER\.codemix\engine\resources\app\extensions\json-language-features\client\dist\jsonMain
[2018-11-21 00:27:53.996] [exthost1] [info] ExtensionService#_doActivateExtension vscode.typescript-language-features {"startup":false,"activationEvent":"onLanguage:jsonc"}
[2018-11-21 00:27:53.996] [exthost1] [info] ExtensionService#loadCommonJSModule c:\Users\USER\.codemix\engine\resources\app\extensions\typescript-language-features\dist\extension
[2018-11-21 00:27:54.286] [exthost1] [info] ExtensionService#_doActivateExtension vscode.grunt {"startup":false,"activationEvent":"onCommand:workbench.action.tasks.runTask"}
[2018-11-21 00:27:54.286] [exthost1] [info] ExtensionService#loadCommonJSModule c:\Users\USER\.codemix\engine\resources\app\extensions\grunt\out\main
[2018-11-21 00:27:54.298] [exthost1] [info] ExtensionService#_doActivateExtension vscode.gulp {"startup":false,"activationEvent":"onCommand:workbench.action.tasks.runTask"}
[2018-11-21 00:27:54.298] [exthost1] [info] ExtensionService#loadCommonJSModule c:\Users\USER\.codemix\engine\resources\app\extensions\gulp\out\main
[2018-11-21 00:27:54.308] [exthost1] [info] ExtensionService#_doActivateExtension vscode.jake {"startup":false,"activationEvent":"onCommand:workbench.action.tasks.runTask"}
[2018-11-21 00:27:54.308] [exthost1] [info] ExtensionService#loadCommonJSModule c:\Users\USER\.codemix\engine\resources\app\extensions\jake\out\main
[2018-11-21 00:27:54.319] [exthost1] [info] ExtensionService#_doActivateExtension vscode.npm {"startup":false,"activationEvent":"onCommand:workbench.action.tasks.runTask"}
[2018-11-21 00:27:54.319] [exthost1] [info] ExtensionService#loadCommonJSModule c:\Users\USER\.codemix\engine\resources\app\extensions\npm\out\main
[2018-11-21 00:27:54.501] [exthost1] [info] ExtensionService#_doActivateExtension vscode.html-language-features {"startup":false,"activationEvent":"onLanguage:html"}
[2018-11-21 00:27:54.501] [exthost1] [info] ExtensionService#loadCommonJSModule c:\Users\USER\.codemix\engine\resources\app\extensions\html-language-features\client\dist\htmlMain
[2018-11-21 00:29:19.105] [exthost1] [info] extension host started
[2018-11-21 00:29:19.669] [exthost1] [info] extension host started
[2018-11-21 00:29:19.723] [exthost1] [info] ExtensionService#_doActivateExtension vscode.debug-auto-launch {"startup":true,"activationEvent":"*"}
[2018-11-21 00:29:19.723] [exthost1] [info] ExtensionService#loadCommonJSModule c:\Users\USER\.codemix\engine\resources\app\extensions\debug-auto-launch\out\extension
[2018-11-21 00:29:19.738] [exthost1] [info] ExtensionService#_doActivateExtension vscode.emmet {"startup":true,"activationEvent":"*"}
[2018-11-21 00:29:19.738] [exthost1] [info] ExtensionService#loadCommonJSModule c:\Users\USER\.codemix\engine\resources\app\extensions\emmet\dist\extension
[2018-11-21 00:29:19.809] [exthost1] [info] ExtensionService#_doActivateExtension vscode.merge-conflict {"startup":true,"activationEvent":"*"}
[2018-11-21 00:29:19.809] [exthost1] [info] ExtensionService#loadCommonJSModule c:\Users\USER\.codemix\engine\resources\app\extensions\merge-conflict\out\extension
[2018-11-21 00:29:19.836] [exthost1] [info] ExtensionService#_doActivateExtension vscode.search-rg {"startup":true,"activationEvent":"*"}
[2018-11-21 00:29:19.836] [exthost1] [info] ExtensionService#loadCommonJSModule c:\Users\USER\.codemix\engine\resources\app\extensions\search-rg\out\extension
[2018-11-21 00:29:19.852] [exthost1] [info] ExtensionService#_doActivateExtension christian-kohler.path-intellisense {"startup":true,"activationEvent":"*"}
[2018-11-21 00:29:19.852] [exthost1] [info] ExtensionService#loadCommonJSModule C:\Users\USER\.codemix\extensions\christian-kohler.path-intellisense-1.4.2\out\src\extension
[2018-11-21 00:29:19.871] [exthost1] [info] ExtensionService#_doActivateExtension dbaeumer.vscode-eslint {"startup":true,"activationEvent":"*"}
[2018-11-21 00:29:19.871] [exthost1] [info] ExtensionService#loadCommonJSModule C:\Users\USER\.codemix\extensions\dbaeumer.vscode-eslint-1.4.10\client\out\extension
[2018-11-21 00:29:19.971] [exthost1] [info] ExtensionService#_doActivateExtension formulahendry.auto-close-tag {"startup":true,"activationEvent":"*"}
[2018-11-21 00:29:19.971] [exthost1] [info] ExtensionService#loadCommonJSModule C:\Users\USER\.codemix\extensions\formulahendry.auto-close-tag-0.5.6\out\src\extension
[2018-11-21 00:29:19.972] [exthost1] [info] ExtensionService#_doActivateExtension HookyQR.beautify {"startup":true,"activationEvent":"*"}
[2018-11-21 00:29:19.972] [exthost1] [info] ExtensionService#loadCommonJSModule C:\Users\USER\.codemix\extensions\hookyqr.beautify-1.3.0\extension
[2018-11-21 00:29:20.036] [exthost1] [info] ExtensionService#_doActivateExtension Zignd.html-css-class-completion {"startup":true,"activationEvent":"*"}
[2018-11-21 00:29:20.036] [exthost1] [info] ExtensionService#loadCommonJSModule C:\Users\USER\.codemix\extensions\zignd.html-css-class-completion-1.17.1\out\src\extension
[2018-11-21 00:29:21.401] [exthost1] [info] eager extensions activated
[2018-11-21 00:29:21.402] [exthost1] [info] ExtensionService#_doActivateExtension vscode.configuration-editing {"startup":false,"activationEvent":"onLanguage:jsonc"}
[2018-11-21 00:29:21.402] [exthost1] [info] ExtensionService#loadCommonJSModule c:\Users\USER\.codemix\engine\resources\app\extensions\configuration-editing\out\extension
[2018-11-21 00:29:21.440] [exthost1] [info] ExtensionService#_doActivateExtension vscode.json-language-features {"startup":false,"activationEvent":"onLanguage:jsonc"}
[2018-11-21 00:29:21.440] [exthost1] [info] ExtensionService#loadCommonJSModule c:\Users\USER\.codemix\engine\resources\app\extensions\json-language-features\client\dist\jsonMain
[2018-11-21 00:29:21.687] [exthost1] [info] ExtensionService#_doActivateExtension vscode.typescript-language-features {"startup":false,"activationEvent":"onLanguage:jsonc"}
[2018-11-21 00:29:21.687] [exthost1] [info] ExtensionService#loadCommonJSModule c:\Users\USER\.codemix\engine\resources\app\extensions\typescript-language-features\dist\extension
[2018-11-21 00:29:21.914] [exthost1] [info] ExtensionService#_doActivateExtension vscode.grunt {"startup":false,"activationEvent":"onCommand:workbench.action.tasks.runTask"}
[2018-11-21 00:29:21.914] [exthost1] [info] ExtensionService#loadCommonJSModule c:\Users\USER\.codemix\engine\resources\app\extensions\grunt\out\main
[2018-11-21 00:29:21.925] [exthost1] [info] ExtensionService#_doActivateExtension vscode.gulp {"startup":false,"activationEvent":"onCommand:workbench.action.tasks.runTask"}
[2018-11-21 00:29:21.925] [exthost1] [info] ExtensionService#loadCommonJSModule c:\Users\USER\.codemix\engine\resources\app\extensions\gulp\out\main
[2018-11-21 00:29:21.937] [exthost1] [info] ExtensionService#_doActivateExtension vscode.jake {"startup":false,"activationEvent":"onCommand:workbench.action.tasks.runTask"}
[2018-11-21 00:29:21.937] [exthost1] [info] ExtensionService#loadCommonJSModule c:\Users\USER\.codemix\engine\resources\app\extensions\jake\out\main
[2018-11-21 00:29:21.948] [exthost1] [info] ExtensionService#_doActivateExtension vscode.npm {"startup":false,"activationEvent":"onCommand:workbench.action.tasks.runTask"}
[2018-11-21 00:29:21.948] [exthost1] [info] ExtensionService#loadCommonJSModule c:\Users\USER\.codemix\engine\resources\app\extensions\npm\out\main
[2018-11-21 00:29:22.038] [exthost1] [info] ExtensionService#_doActivateExtension vscode.html-language-features {"startup":false,"activationEvent":"onLanguage:html"}
[2018-11-21 00:29:22.038] [exthost1] [info] ExtensionService#loadCommonJSModule c:\Users\USER\.codemix\engine\resources\app\extensions\html-language-features\client\dist\htmlMain
[2018-11-21 00:29:22.178] [exthost1] [info] ExtensionService#_doActivateExtension mkaufman.HTMLHint {"startup":false,"activationEvent":"onLanguage:html"}
[2018-11-21 00:29:22.178] [exthost1] [info] ExtensionService#loadCommonJSModule C:\Users\USER\.codemix\extensions\mkaufman.htmlhint-0.5.0\out\extension
