[2018-11-21 02:14:50.127] [exthost1] [info] extension host started
[2018-11-21 02:14:50.828] [exthost1] [info] extension host started
[2018-11-21 02:14:51.009] [exthost1] [info] ExtensionService#_doActivateExtension vscode.debug-auto-launch {"startup":true,"activationEvent":"*"}
[2018-11-21 02:14:51.010] [exthost1] [info] ExtensionService#loadCommonJSModule c:\Users\USER\.codemix\engine\resources\app\extensions\debug-auto-launch\out\extension
[2018-11-21 02:14:51.092] [exthost1] [info] ExtensionService#_doActivateExtension vscode.emmet {"startup":true,"activationEvent":"*"}
[2018-11-21 02:14:51.092] [exthost1] [info] ExtensionService#loadCommonJSModule c:\Users\USER\.codemix\engine\resources\app\extensions\emmet\dist\extension
[2018-11-21 02:14:51.359] [exthost1] [info] ExtensionService#_doActivateExtension vscode.merge-conflict {"startup":true,"activationEvent":"*"}
[2018-11-21 02:14:51.359] [exthost1] [info] ExtensionService#loadCommonJSModule c:\Users\USER\.codemix\engine\resources\app\extensions\merge-conflict\out\extension
[2018-11-21 02:14:51.423] [exthost1] [info] ExtensionService#_doActivateExtension vscode.search-rg {"startup":true,"activationEvent":"*"}
[2018-11-21 02:14:51.423] [exthost1] [info] ExtensionService#loadCommonJSModule c:\Users\USER\.codemix\engine\resources\app\extensions\search-rg\out\extension
[2018-11-21 02:14:51.457] [exthost1] [info] ExtensionService#_doActivateExtension christian-kohler.path-intellisense {"startup":true,"activationEvent":"*"}
[2018-11-21 02:14:51.457] [exthost1] [info] ExtensionService#loadCommonJSModule C:\Users\USER\.codemix\extensions\christian-kohler.path-intellisense-1.4.2\out\src\extension
[2018-11-21 02:14:51.754] [exthost1] [info] ExtensionService#_doActivateExtension dbaeumer.vscode-eslint {"startup":true,"activationEvent":"*"}
[2018-11-21 02:14:51.754] [exthost1] [info] ExtensionService#loadCommonJSModule C:\Users\USER\.codemix\extensions\dbaeumer.vscode-eslint-1.4.10\client\out\extension
[2018-11-21 02:14:52.403] [exthost1] [info] ExtensionService#_doActivateExtension formulahendry.auto-close-tag {"startup":true,"activationEvent":"*"}
[2018-11-21 02:14:52.403] [exthost1] [info] ExtensionService#loadCommonJSModule C:\Users\USER\.codemix\extensions\formulahendry.auto-close-tag-0.5.6\out\src\extension
[2018-11-21 02:14:52.417] [exthost1] [info] ExtensionService#_doActivateExtension HookyQR.beautify {"startup":true,"activationEvent":"*"}
[2018-11-21 02:14:52.417] [exthost1] [info] ExtensionService#loadCommonJSModule C:\Users\USER\.codemix\extensions\hookyqr.beautify-1.3.0\extension
[2018-11-21 02:14:52.695] [exthost1] [info] ExtensionService#_doActivateExtension Zignd.html-css-class-completion {"startup":true,"activationEvent":"*"}
[2018-11-21 02:14:52.695] [exthost1] [info] ExtensionService#loadCommonJSModule C:\Users\USER\.codemix\extensions\zignd.html-css-class-completion-1.17.1\out\src\extension
[2018-11-21 02:14:55.409] [exthost1] [info] eager extensions activated
[2018-11-21 02:14:55.413] [exthost1] [info] ExtensionService#_doActivateExtension vscode.configuration-editing {"startup":false,"activationEvent":"onLanguage:jsonc"}
[2018-11-21 02:14:55.413] [exthost1] [info] ExtensionService#loadCommonJSModule c:\Users\USER\.codemix\engine\resources\app\extensions\configuration-editing\out\extension
[2018-11-21 02:14:55.439] [exthost1] [info] ExtensionService#_doActivateExtension vscode.json-language-features {"startup":false,"activationEvent":"onLanguage:jsonc"}
[2018-11-21 02:14:55.439] [exthost1] [info] ExtensionService#loadCommonJSModule c:\Users\USER\.codemix\engine\resources\app\extensions\json-language-features\client\dist\jsonMain
[2018-11-21 02:14:55.892] [exthost1] [info] ExtensionService#_doActivateExtension vscode.typescript-language-features {"startup":false,"activationEvent":"onLanguage:jsonc"}
[2018-11-21 02:14:55.892] [exthost1] [info] ExtensionService#loadCommonJSModule c:\Users\USER\.codemix\engine\resources\app\extensions\typescript-language-features\dist\extension
[2018-11-21 02:14:56.888] [exthost1] [info] ExtensionService#_doActivateExtension vscode.grunt {"startup":false,"activationEvent":"onCommand:workbench.action.tasks.runTask"}
[2018-11-21 02:14:56.888] [exthost1] [info] ExtensionService#loadCommonJSModule c:\Users\USER\.codemix\engine\resources\app\extensions\grunt\out\main
[2018-11-21 02:14:56.906] [exthost1] [info] ExtensionService#_doActivateExtension vscode.gulp {"startup":false,"activationEvent":"onCommand:workbench.action.tasks.runTask"}
[2018-11-21 02:14:56.906] [exthost1] [info] ExtensionService#loadCommonJSModule c:\Users\USER\.codemix\engine\resources\app\extensions\gulp\out\main
[2018-11-21 02:14:56.937] [exthost1] [info] ExtensionService#_doActivateExtension vscode.jake {"startup":false,"activationEvent":"onCommand:workbench.action.tasks.runTask"}
[2018-11-21 02:14:56.937] [exthost1] [info] ExtensionService#loadCommonJSModule c:\Users\USER\.codemix\engine\resources\app\extensions\jake\out\main
[2018-11-21 02:14:56.963] [exthost1] [info] ExtensionService#_doActivateExtension vscode.npm {"startup":false,"activationEvent":"onCommand:workbench.action.tasks.runTask"}
[2018-11-21 02:14:56.963] [exthost1] [info] ExtensionService#loadCommonJSModule c:\Users\USER\.codemix\engine\resources\app\extensions\npm\out\main
[2018-11-21 02:14:57.280] [exthost1] [info] ExtensionService#_doActivateExtension vscode.html-language-features {"startup":false,"activationEvent":"onLanguage:html"}
[2018-11-21 02:14:57.280] [exthost1] [info] ExtensionService#loadCommonJSModule c:\Users\USER\.codemix\engine\resources\app\extensions\html-language-features\client\dist\htmlMain
[2018-11-21 02:14:57.759] [exthost1] [info] ExtensionService#_doActivateExtension mkaufman.HTMLHint {"startup":false,"activationEvent":"onLanguage:html"}
[2018-11-21 02:14:57.759] [exthost1] [info] ExtensionService#loadCommonJSModule C:\Users\USER\.codemix\extensions\mkaufman.htmlhint-0.5.0\out\extension
